<?xml version="1.0" encoding="UTF-8"?>
<!-- Generated by org.testng.reporters.JUnitReportReporter -->
<testsuite skipped="0" hostname="vinodk-l" name="com.testautomation.TestRunner.TestRunner" tests="1" failures="0" timestamp="25 May 2021 05:30:20 GMT" time="30.568" errors="0">
  <testcase name="feature" time="30.568" classname="com.testautomation.TestRunner.TestRunner"/>
</testsuite> <!-- com.testautomation.TestRunner.TestRunner -->
