<?xml version="1.0" encoding="UTF-8"?>
<!-- Generated by org.testng.reporters.JUnitReportReporter -->
<testsuite hostname="DESKTOP-F9MAKCS" failures="0" tests="2" name="StepDefinition.parallelRunner" time="31.042" errors="2" timestamp="2021-08-26T21:02:59 IST" skipped="0">
  <testcase classname="StepDefinition.parallelRunner" name="feature" time="15.521">
    <error message="Session ID is null. Using WebDriver after calling quit()?
Build info: version: &#039;3.11.0&#039;, revision: &#039;e59cfb3&#039;, time: &#039;2018-03-11T20:26:55.152Z&#039;
System info: host: &#039;DESKTOP-F9MAKCS&#039;, ip: &#039;192.168.1.101&#039;, os.name: &#039;Windows 10&#039;, os.arch: &#039;amd64&#039;, os.version: &#039;10.0&#039;, java.version: &#039;15.0.2&#039;
Driver info: driver.version: RemoteWebDriver" type="org.openqa.selenium.NoSuchSessionException">
      <![CDATA[org.openqa.selenium.NoSuchSessionException: Session ID is null. Using WebDriver after calling quit()?
Build info: version: '3.11.0', revision: 'e59cfb3', time: '2018-03-11T20:26:55.152Z'
System info: host: 'DESKTOP-F9MAKCS', ip: '192.168.1.101', os.name: 'Windows 10', os.arch: 'amd64', os.version: '10.0', java.version: '15.0.2'
Driver info: driver.version: RemoteWebDriver
at org.openqa.selenium.remote.HttpCommandExecutor.execute(HttpCommandExecutor.java:125)
at org.openqa.selenium.remote.service.DriverCommandExecutor.execute(DriverCommandExecutor.java:83)
at org.openqa.selenium.remote.RemoteWebDriver.execute(RemoteWebDriver.java:545)
at org.openqa.selenium.remote.RemoteWebDriver.execute(RemoteWebDriver.java:602)
at org.openqa.selenium.remote.RemoteWebDriver.getScreenshotAs(RemoteWebDriver.java:291)
at Listeners.ExtentReportListener.captureScreenShot(ExtentReportListener.java:75)
at Listeners.ExtentReportListener.testStepHandle(ExtentReportListener.java:54)
at StepDefinition.SauceDemoAutomation.sort_the_items_Lowest_Price_sort(SauceDemoAutomation.java:143)
at ✽.Sort the items (Lowest Price sort)(src/StepDefinition/Cid_Login.feature:9)
]]>
    </error>
  </testcase> <!-- feature -->
  <system-out/>
  <testcase classname="StepDefinition.parallelRunner" name="feature" time="15.521">
    <error message="Session ID is null. Using WebDriver after calling quit()?
Build info: version: &#039;3.11.0&#039;, revision: &#039;e59cfb3&#039;, time: &#039;2018-03-11T20:26:55.152Z&#039;
System info: host: &#039;DESKTOP-F9MAKCS&#039;, ip: &#039;192.168.1.101&#039;, os.name: &#039;Windows 10&#039;, os.arch: &#039;amd64&#039;, os.version: &#039;10.0&#039;, java.version: &#039;15.0.2&#039;
Driver info: driver.version: RemoteWebDriver" type="org.openqa.selenium.NoSuchSessionException">
      <![CDATA[org.openqa.selenium.NoSuchSessionException: Session ID is null. Using WebDriver after calling quit()?
Build info: version: '3.11.0', revision: 'e59cfb3', time: '2018-03-11T20:26:55.152Z'
System info: host: 'DESKTOP-F9MAKCS', ip: '192.168.1.101', os.name: 'Windows 10', os.arch: 'amd64', os.version: '10.0', java.version: '15.0.2'
Driver info: driver.version: RemoteWebDriver
at org.openqa.selenium.remote.HttpCommandExecutor.execute(HttpCommandExecutor.java:125)
at org.openqa.selenium.remote.service.DriverCommandExecutor.execute(DriverCommandExecutor.java:83)
at org.openqa.selenium.remote.RemoteWebDriver.execute(RemoteWebDriver.java:545)
at org.openqa.selenium.remote.RemoteWebDriver.execute(RemoteWebDriver.java:602)
at org.openqa.selenium.remote.RemoteWebDriver.getScreenshotAs(RemoteWebDriver.java:291)
at Listeners.ExtentReportListener.captureScreenShot(ExtentReportListener.java:75)
at Listeners.ExtentReportListener.testStepHandle(ExtentReportListener.java:54)
at StepDefinition.SauceDemoAutomation.sort_the_items_Lowest_Price_sort(SauceDemoAutomation.java:143)
at ✽.Sort the items (Lowest Price sort)(src/StepDefinition/Cid_Login.feature:25)
]]>
    </error>
  </testcase> <!-- feature -->
  <system-out/>
</testsuite> <!-- StepDefinition.parallelRunner -->
