<?xml version="1.0" encoding="UTF-8"?>
<!-- Generated by org.testng.reporters.JUnitReportReporter -->
<testsuite hostname="DESKTOP-F9MAKCS" failures="0" tests="1" name="TestRunner.TestRunner" time="53.280" errors="0" timestamp="2021-08-30T15:29:31 IST" skipped="0">
  <testcase classname="TestRunner.TestRunner" name="feature" time="53.280"/>
  <system-out/>
</testsuite> <!-- TestRunner.TestRunner -->
